<?xml version="1.0" encoding="UTF-8"?>
<!-- Generated by org.testng.reporters.JUnitReportReporter -->
<testsuite skipped="0" hostname="DESKTOP-N51RDEP" name="com.swap.tests.TC001_LoginTest" tests="2" failures="0" timestamp="28 Jul 2021 14:26:39 GMT" time="21.529" errors="0">
  <testcase name="login" time="0.995" classname="com.swap.tests.TC001_LoginTest"/>
  <testcase name="buyProduct" time="20.534" classname="com.swap.tests.TC001_LoginTest"/>
</testsuite> <!-- com.swap.tests.TC001_LoginTest -->
